flutter_sifat/build/app/intermediates/manifest_merge_blame_file/debug/manifest-merger-blame-debug-report.txt
1<?xml version="1.0" encoding="utf-8"?>
2<manifest xmlns:android="http://schemas.android.com/apk/res/android"
3    package="com.gayenbd.fluttersifat"
4    android:versionCode="1"
5    android:versionName="1.0.0" >
6
7    <uses-sdk
8        android:minSdkVersion="16"
9        android:targetSdkVersion="28" />
10    <!--
11         Flutter needs it to communicate with the running application
12         to allow setting breakpoints, to provide hot reload, etc.
13    -->
14    <uses-permission android:name="android.permission.INTERNET" />
14-->src/debug/AndroidManifest.xml:6:5-66
14-->src/debug/AndroidManifest.xml:6:22-64
15    <!--
16     io.flutter.app.FlutterApplication is an android.app.Application that
17         calls FlutterMain.startInitialization(this); in its onCreate method.
18         In most cases you can leave this as-is, but you if you want to provide
19         additional functionality it is fine to subclass or reimplement
20         FlutterApplication and put your custom class here.
21    -->
22    <uses-permission android:name="android.permission.RECEIVE_BOOT_COMPLETED" />
22-->src/main/AndroidManifest.xml:8:5-80
22-->src/main/AndroidManifest.xml:8:22-78
23    <uses-permission android:name="android.permission.WAKE_LOCK" />
23-->src/main/AndroidManifest.xml:9:5-67
23-->src/main/AndroidManifest.xml:9:22-65
24
25    <application
25-->src/main/AndroidManifest.xml:11:5-68:19
26        android:name="io.flutter.app.FlutterApplication"
26-->src/main/AndroidManifest.xml:12:9-57
27        android:appComponentFactory="androidx.core.app.CoreComponentFactory"
27-->[androidx.core:core:1.1.0] AndroidManifest.xml:24:18-86
28        android:debuggable="true"
29        android:icon="@mipmap/ic_launcher"
29-->src/main/AndroidManifest.xml:15:9-43
30        android:label="fluttersifat" >
30-->src/main/AndroidManifest.xml:14:9-37
31        <service
31-->src/main/AndroidManifest.xml:17:9-20:39
32            android:name="io.flutter.plugins.androidalarmmanager.AlarmService"
32-->src/main/AndroidManifest.xml:18:13-79
33            android:exported="false"
33-->src/main/AndroidManifest.xml:20:13-37
34            android:permission="android.permission.BIND_JOB_SERVICE" />
34-->src/main/AndroidManifest.xml:19:13-69
35
36        <receiver
36-->src/main/AndroidManifest.xml:21:9-23:39
37            android:name="io.flutter.plugins.androidalarmmanager.AlarmBroadcastReceiver"
37-->src/main/AndroidManifest.xml:22:13-89
38            android:exported="false" />
38-->src/main/AndroidManifest.xml:23:13-37
39        <receiver
39-->src/main/AndroidManifest.xml:24:9-30:20
40            android:name="io.flutter.plugins.androidalarmmanager.RebootBroadcastReceiver"
40-->src/main/AndroidManifest.xml:25:13-90
41            android:enabled="false" >
41-->src/main/AndroidManifest.xml:26:13-36
42            <intent-filter>
42-->src/main/AndroidManifest.xml:27:13-29:29
43                <action android:name="android.intent.action.BOOT_COMPLETED" />
43-->src/main/AndroidManifest.xml:28:17-86
43-->src/main/AndroidManifest.xml:28:25-76
44            </intent-filter>
45        </receiver>
46
47        <activity
47-->src/main/AndroidManifest.xml:34:9-62:20
48            android:name="com.gayenbd.fluttersifat.MainActivity"
48-->src/main/AndroidManifest.xml:35:13-41
49            android:configChanges="orientation|keyboardHidden|keyboard|screenSize|smallestScreenSize|locale|layoutDirection|fontScale|screenLayout|density|uiMode"
49-->src/main/AndroidManifest.xml:38:13-163
50            android:hardwareAccelerated="true"
50-->src/main/AndroidManifest.xml:39:13-47
51            android:launchMode="singleTop"
51-->src/main/AndroidManifest.xml:36:13-43
52            android:theme="@style/LaunchTheme"
52-->src/main/AndroidManifest.xml:37:13-47
53            android:windowSoftInputMode="adjustResize" >
53-->src/main/AndroidManifest.xml:40:13-55
54
55            <!--
56                 Specifies an Android theme to apply to this Activity as soon as
57                 the Android process has started. This theme is visible to the user
58                 while the Flutter UI initializes. After that, this theme continues
59                 to determine the Window background behind the Flutter UI.
60            -->
61            <meta-data
61-->src/main/AndroidManifest.xml:45:13-48:17
62                android:name="io.flutter.embedding.android.NormalTheme"
62-->src/main/AndroidManifest.xml:46:15-70
63                android:resource="@style/NormalTheme" />
63-->src/main/AndroidManifest.xml:47:15-52
64            <!--
65                 Displays an Android View that continues showing the launch screen
66                 Drawable until Flutter paints its first frame, then this splash
67                 screen fades out. A splash screen is useful to avoid any visual
68                 gap between the end of Android's launch screen and the painting of
69                 Flutter's first frame.
70            -->
71            <meta-data
71-->src/main/AndroidManifest.xml:54:13-57:17
72                android:name="io.flutter.embedding.android.SplashScreenDrawable"
72-->src/main/AndroidManifest.xml:55:15-79
73                android:resource="@drawable/launch_background" />
73-->src/main/AndroidManifest.xml:56:15-61
74
75            <intent-filter>
75-->src/main/AndroidManifest.xml:58:13-61:29
76                <action android:name="android.intent.action.MAIN" />
76-->src/main/AndroidManifest.xml:59:17-68
76-->src/main/AndroidManifest.xml:59:25-66
77
78                <category android:name="android.intent.category.LAUNCHER" />
78-->src/main/AndroidManifest.xml:60:17-76
78-->src/main/AndroidManifest.xml:60:27-74
79            </intent-filter>
80        </activity>
81        <!--
82             Don't delete the meta-data below.
83             This is used by the Flutter tool to generate GeneratedPluginRegistrant.java
84        -->
85        <meta-data
85-->src/main/AndroidManifest.xml:65:9-67:33
86            android:name="flutterEmbedding"
86-->src/main/AndroidManifest.xml:66:13-44
87            android:value="2" />
87-->src/main/AndroidManifest.xml:67:13-30
88    </application>
89
90</manifest>